<?xml version="1.0" encoding="UTF-8"?>
<!-- Generated by org.testng.reporters.JUnitXMLReporter -->
<testsuite ignored="0" hostname="DESKTOP-CGV43OK" failures="1" tests="2" name="Test_1" time="15.995" errors="0" timestamp="2024-10-28T22:08:28 CST">
  <testcase classname="test.cases.SwagLabs" name="EndToEnd" time="1.327"/>
  <testcase classname="test.cases.SwagLabs" name="TestFailure" time="0.222">
    <failure type="java.lang.AssertionError" message="expected [Sauce Labs Backpack] but found [Sauce Labs Bike Light]">
      <![CDATA[java.lang.AssertionError: expected [Sauce Labs Backpack] but found [Sauce Labs Bike Light]
at test.cases.SwagLabs.TestFailure(SwagLabs.java:82)
at java.base/java.util.ArrayList.forEach(ArrayList.java:1596)
... Removed 31 stack frames]]>
    </failure>
  </testcase> <!-- TestFailure -->
</testsuite> <!-- Test_1 -->
